# JRE version: OpenJDK Runtime Environment Temurin-17.0.9+9 (17.0.9+9) (build 17.0.9+9)
# Java VM: OpenJDK 64-Bit Server VM Temurin-17.0.9+9 (17.0.9+9, mixed mode, emulated-client, tiered, compressed oops, compressed class ptrs, g1 gc, windows-amd64)
GC Precious Log:
 CPUs: 16 total, 16 available
 Memory: 16158M
 Large Page Support: Disabled
 NUMA Support: Disabled
 Compressed Oops: Enabled (32-bit)
 Heap Region Size: 1M
 Heap Min Capacity: 8M
 Heap Initial Capacity: 254M
 Heap Max Capacity: 1G
 Pre-touch: Disabled
 Parallel Workers: 13
 Concurrent Workers: 3
 Concurrent Refinement Workers: 13
 Periodic GC: Disabled
Heap:
 garbage-first heap   total 68608K, used 24199K [0x00000000c0000000, 0x0000000100000000)
  region size 1024K, 1 young (1024K), 0 survivors (0K)
 Metaspace       used 47463K, committed 48128K, reserved 1114112K
  class space    used 6100K, committed 6336K, reserved 1048576K
GC Heap History (20 events):
Event: 12744.941 GC heap before
{Heap before GC invocations=704 (full 693):
 garbage-first heap   total 68608K, used 24199K [0x00000000c0000000, 0x0000000100000000)
  region size 1024K, 1 young (1024K), 0 survivors (0K)
 Metaspace       used 47444K, committed 48128K, reserved 1114112K
  class space    used 6096K, committed 6336K, reserved 1048576K
}
Event: 12744.968 GC heap after
{Heap after GC invocations=705 (full 694):
 garbage-first heap   total 68608K, used 24199K [0x00000000c0000000, 0x0000000100000000)
  region size 1024K, 0 young (0K), 0 survivors (0K)
 Metaspace       used 47444K, committed 48128K, reserved 1114112K
  class space    used 6096K, committed 6336K, reserved 1048576K
}
Event: 12755.177 GC heap before
{Heap before GC invocations=705 (full 694):
 garbage-first heap   total 68608K, used 24199K [0x00000000c0000000, 0x0000000100000000)
  region size 1024K, 1 young (1024K), 0 survivors (0K)
 Metaspace       used 47444K, committed 48128K, reserved 1114112K
  class space    used 6096K, committed 6336K, reserved 1048576K
}
Event: 12755.214 GC heap after
{Heap after GC invocations=706 (full 695):
 garbage-first heap   total 68608K, used 24199K [0x00000000c0000000, 0x0000000100000000)
  region size 1024K, 0 young (0K), 0 survivors (0K)
 Metaspace       used 47444K, committed 48128K, reserved 1114112K
  class space    used 6096K, committed 6336K, reserved 1048576K
}
Event: 12765.457 GC heap before
{Heap before GC invocations=706 (full 695):
 garbage-first heap   total 68608K, used 24199K [0x00000000c0000000, 0x0000000100000000)
  region size 1024K, 1 young (1024K), 0 survivors (0K)
 Metaspace       used 47444K, committed 48128K, reserved 1114112K
  class space    used 6096K, committed 6336K, reserved 1048576K
}
Event: 12765.512 GC heap after
{Heap after GC invocations=707 (full 696):
 garbage-first heap   total 68608K, used 24199K [0x00000000c0000000, 0x0000000100000000)
  region size 1024K, 0 young (0K), 0 survivors (0K)
 Metaspace       used 47444K, committed 48128K, reserved 1114112K
  class space    used 6096K, committed 6336K, reserved 1048576K
}
Event: 12775.797 GC heap before
{Heap before GC invocations=707 (full 696):
 garbage-first heap   total 68608K, used 24199K [0x00000000c0000000, 0x0000000100000000)
  region size 1024K, 1 young (1024K), 0 survivors (0K)
 Metaspace       used 47444K, committed 48128K, reserved 1114112K
  class space    used 6096K, committed 6336K, reserved 1048576K
}
Event: 12775.823 GC heap after
{Heap after GC invocations=708 (full 697):
 garbage-first heap   total 68608K, used 24199K [0x00000000c0000000, 0x0000000100000000)
  region size 1024K, 0 young (0K), 0 survivors (0K)
 Metaspace       used 47444K, committed 48128K, reserved 1114112K
  class space    used 6096K, committed 6336K, reserved 1048576K
}
Event: 12786.096 GC heap before
{Heap before GC invocations=708 (full 697):
 garbage-first heap   total 68608K, used 24199K [0x00000000c0000000, 0x0000000100000000)
  region size 1024K, 1 young (1024K), 0 survivors (0K)
 Metaspace       used 47444K, committed 48128K, reserved 1114112K
  class space    used 6096K, committed 6336K, reserved 1048576K
}
Event: 12786.121 GC heap after
{Heap after GC invocations=709 (full 698):
 garbage-first heap   total 68608K, used 24199K [0x00000000c0000000, 0x0000000100000000)
  region size 1024K, 0 young (0K), 0 survivors (0K)
 Metaspace       used 47444K, committed 48128K, reserved 1114112K
  class space    used 6096K, committed 6336K, reserved 1048576K
}
Event: 12796.401 GC heap before
{Heap before GC invocations=709 (full 698):
 garbage-first heap   total 68608K, used 24199K [0x00000000c0000000, 0x0000000100000000)
  region size 1024K, 1 young (1024K), 0 survivors (0K)
 Metaspace       used 47444K, committed 48128K, reserved 1114112K
  class space    used 6096K, committed 6336K, reserved 1048576K
}
Event: 12796.427 GC heap after
{Heap after GC invocations=710 (full 699):
 garbage-first heap   total 68608K, used 24199K [0x00000000c0000000, 0x0000000100000000)
  region size 1024K, 0 young (0K), 0 survivors (0K)
 Metaspace       used 47444K, committed 48128K, reserved 1114112K
  class space    used 6096K, committed 6336K, reserved 1048576K
}
Event: 12806.701 GC heap before
{Heap before GC invocations=710 (full 699):
 garbage-first heap   total 68608K, used 24199K [0x00000000c0000000, 0x0000000100000000)
  region size 1024K, 1 young (1024K), 0 survivors (0K)
 Metaspace       used 47444K, committed 48128K, reserved 1114112K
  class space    used 6096K, committed 6336K, reserved 1048576K
}
Event: 12806.726 GC heap after
{Heap after GC invocations=711 (full 700):
 garbage-first heap   total 68608K, used 24199K [0x00000000c0000000, 0x0000000100000000)
  region size 1024K, 0 young (0K), 0 survivors (0K)
 Metaspace       used 47444K, committed 48128K, reserved 1114112K
  class space    used 6096K, committed 6336K, reserved 1048576K
}
Event: 12816.961 GC heap before
{Heap before GC invocations=711 (full 700):
 garbage-first heap   total 68608K, used 24199K [0x00000000c0000000, 0x0000000100000000)
  region size 1024K, 1 young (1024K), 0 survivors (0K)
 Metaspace       used 47444K, committed 48128K, reserved 1114112K
  class space    used 6096K, committed 6336K, reserved 1048576K
}
Event: 12816.993 GC heap after
{Heap after GC invocations=712 (full 701):
 garbage-first heap   total 68608K, used 24199K [0x00000000c0000000, 0x0000000100000000)
  region size 1024K, 0 young (0K), 0 survivors (0K)
 Metaspace       used 47444K, committed 48128K, reserved 1114112K
  class space    used 6096K, committed 6336K, reserved 1048576K
}
Event: 12827.247 GC heap before
{Heap before GC invocations=712 (full 701):
 garbage-first heap   total 68608K, used 24199K [0x00000000c0000000, 0x0000000100000000)
  region size 1024K, 1 young (1024K), 0 survivors (0K)
 Metaspace       used 47444K, committed 48128K, reserved 1114112K
  class space    used 6096K, committed 6336K, reserved 1048576K
}
Event: 12827.272 GC heap after
{Heap after GC invocations=713 (full 702):
 garbage-first heap   total 68608K, used 24199K [0x00000000c0000000, 0x0000000100000000)
  region size 1024K, 0 young (0K), 0 survivors (0K)
 Metaspace       used 47444K, committed 48128K, reserved 1114112K
  class space    used 6096K, committed 6336K, reserved 1048576K
}
Event: 12837.586 GC heap before
{Heap before GC invocations=713 (full 702):
 garbage-first heap   total 68608K, used 24199K [0x00000000c0000000, 0x0000000100000000)
  region size 1024K, 1 young (1024K), 0 survivors (0K)
 Metaspace       used 47444K, committed 48128K, reserved 1114112K
  class space    used 6096K, committed 6336K, reserved 1048576K
}
Event: 12837.614 GC heap after
{Heap after GC invocations=714 (full 703):
 garbage-first heap   total 68608K, used 24199K [0x00000000c0000000, 0x0000000100000000)
  region size 1024K, 0 young (0K), 0 survivors (0K)
 Metaspace       used 47444K, committed 48128K, reserved 1114112K
  class space    used 6096K, committed 6336K, reserved 1048576K
}

